<?xml version="1.0" encoding="UTF-8"?>
<!-- Generated by org.testng.reporters.JUnitReportReporter -->
<testsuite hostname="Kavitha" failures="0" tests="3" name="tests.PutandPatchExamples" time="2.217" errors="0" timestamp="2023-02-10T12:33:17 EST" skipped="0">
  <testcase classname="tests.PutandPatchExamples" name="testDelete" time="1.536"/>
  <system-out/>
  <testcase classname="tests.PutandPatchExamples" name="testPatch" time="0.368"/>
  <system-out/>
  <testcase classname="tests.PutandPatchExamples" name="testPut" time="0.313"/>
  <system-out/>
</testsuite> <!-- tests.PutandPatchExamples -->
