<?xml version="1.0" encoding="UTF-8"?>
<!-- Generated by org.testng.reporters.JUnitReportReporter -->
<testsuite hostname="Kavitha" failures="0" tests="2" name="tests.GetandPostExamples" time="2.284" errors="0" timestamp="2023-02-09T11:31:00 EST" skipped="0">
  <testcase classname="tests.GetandPostExamples" name="testGet" time="1.861"/>
  <system-out/>
  <testcase classname="tests.GetandPostExamples" name="testPost" time="0.423"/>
  <system-out/>
</testsuite> <!-- tests.GetandPostExamples -->
